<?xml version="1.0" encoding="UTF-8"?>
<!-- Generated by org.testng.reporters.JUnitReportReporter -->
<testsuite skipped="0" hostname="DESKTOP-TRP4DF3" name="parameterized_test.ParamTestWithDataProviderWithBean" tests="2" failures="0" timestamp="7 Dec 2016 08:53:47 GMT" time="0.019" errors="0">
  <testcase name="testMethod" time="0.016" classname="parameterized_test.ParamTestWithDataProviderWithBean"/>
  <testcase name="testMethod" time="0.003" classname="parameterized_test.ParamTestWithDataProviderWithBean"/>
</testsuite> <!-- parameterized_test.ParamTestWithDataProviderWithBean -->
