<?xml version="1.0" encoding="UTF-8"?>
<!-- Generated by org.testng.reporters.JUnitReportReporter -->
<testsuite skipped="0" hostname="DESKTOP-TRP4DF3" name="employee_test.TestNGEmployeeDetails" tests="2" failures="0" timestamp="7 Dec 2016 09:02:13 GMT" time="0.016" errors="0">
  <testcase name="testCalculateAppriasal" time="0.000" classname="employee_test.TestNGEmployeeDetails"/>
  <testcase name="testCalculateYearlySalary" time="0.016" classname="employee_test.TestNGEmployeeDetails"/>
</testsuite> <!-- employee_test.TestNGEmployeeDetails -->
