<?xml version="1.0" encoding="UTF-8"?>
<!-- Generated by org.testng.reporters.JUnitReportReporter -->
<testsuite skipped="0" hostname="DESKTOP-TRP4DF3" name="test_coffee.CafeTest" tests="6" failures="0" timestamp="7 Dec 2016 13:26:16 GMT" time="0.033" errors="0">
  <testcase name="mustRestockMilk" time="0.015" classname="test_coffee.CafeTest"/>
  <testcase name="mustRestockBeans" time="0.016" classname="test_coffee.CafeTest"/>
  <testcase name="lattesRequiresMilk" time="0.002" classname="test_coffee.CafeTest"/>
  <testcase name="canBrewEspresso" time="0.000" classname="test_coffee.CafeTest"/>
  <testcase name="canBrewLatte" time="0.000" classname="test_coffee.CafeTest"/>
  <testcase name="brewingEspressoConsumesBeans" time="0.000" classname="test_coffee.CafeTest"/>
</testsuite> <!-- test_coffee.CafeTest -->
