<?xml version="1.0" encoding="UTF-8"?>
<!-- Generated by org.testng.reporters.JUnitReportReporter -->
<testsuite skipped="0" hostname="DESKTOP-TRP4DF3" name="parameterized_test.ParameterizedTest1" tests="1" failures="0" timestamp="7 Dec 2016 08:51:27 GMT" time="0.021" errors="0">
  <testcase name="parameterTest" time="0.021" classname="parameterized_test.ParameterizedTest1"/>
</testsuite> <!-- parameterized_test.ParameterizedTest1 -->
