<?xml version="1.0" encoding="UTF-8"?>
<!-- Generated by org.testng.reporters.JUnitReportReporter -->
<testsuite skipped="0" hostname="DESKTOP-TRP4DF3" name="message_test.MessageTest1" tests="1" failures="0" timestamp="7 Dec 2016 08:58:03 GMT" time="0.020" errors="0">
  <testcase name="testPrintMessage" time="0.020" classname="message_test.MessageTest1"/>
</testsuite> <!-- message_test.MessageTest1 -->
